Nov 20, 2017 6:43:05 PM calendar.AppointmentCalendar$1 windowOpened
INFO: Logging begins.
Nov 20, 2017 6:43:19 PM calendar.AppointmentCalendar$2 windowClosing
INFO: Logging ends.
Nov 20, 2017 8:00:51 PM calendar.AppointmentCalendar$1 windowOpened
INFO: Logging begins.
Nov 20, 2017 8:04:08 PM calendar.AppointmentCalendar$1 windowOpened
INFO: Logging begins.
Nov 20, 2017 8:07:23 PM calendar.AppointmentCalendar$1 windowOpened
INFO: Logging begins.
Nov 20, 2017 8:08:51 PM calendar.AppointmentCalendar$1 windowOpened
INFO: Logging begins.
Nov 20, 2017 8:08:56 PM calendar.AppointmentCalendar$2 windowClosing
INFO: Logging ends.
Nov 20, 2017 9:19:52 PM calendar.AppointmentCalendar$1 windowOpened
INFO: Logging begins.
Nov 20, 2017 9:20:08 PM calendar.AppointmentCalendar$2 windowClosing
INFO: Logging ends.
Nov 20, 2017 9:25:16 PM calendar.AppointmentCalendar$1 windowOpened
INFO: Logging begins.
Nov 20, 2017 9:25:25 PM calendar.AppointmentCalendar$2 windowClosing
INFO: Logging ends.
Nov 20, 2017 9:30:17 PM calendar.AppointmentCalendar$1 windowOpened
INFO: Logging begins.
Nov 20, 2017 9:30:26 PM calendar.AppointmentCalendar$2 windowClosing
INFO: Logging ends.
Nov 20, 2017 9:45:24 PM calendar.AppointmentCalendar$1 windowOpened
INFO: Logging begins.
Nov 20, 2017 9:50:07 PM calendar.AppointmentCalendar$1 windowOpened
INFO: Logging begins.
Nov 20, 2017 10:46:34 PM calendar.AppointmentCalendar$1 windowOpened
INFO: Logging begins.
Nov 20, 2017 10:47:49 PM calendar.AppointmentCalendar$2 windowClosing
INFO: Logging ends.
Nov 20, 2017 10:47:58 PM calendar.AppointmentCalendar$1 windowOpened
INFO: Logging begins.
Nov 20, 2017 10:48:02 PM calendar.AppointmentCalendar$2 windowClosing
INFO: Logging ends.
Nov 22, 2017 9:07:28 AM calendar.AppointmentCalendar$1 windowOpened
INFO: Logging begins.
Nov 22, 2017 9:07:43 AM calendar.AppointmentCalendar$2 windowClosing
INFO: Logging ends.
Nov 22, 2017 9:07:51 AM calendar.AppointmentCalendar$1 windowOpened
INFO: Logging begins.
Nov 22, 2017 9:07:58 AM calendar.AppointmentCalendar$2 windowClosing
INFO: Logging ends.
Nov 22, 2017 9:09:37 AM calendar.AppointmentCalendar$1 windowOpened
INFO: Logging begins.
Nov 22, 2017 9:09:39 AM calendar.AppointmentCalendar$2 windowClosing
INFO: Logging ends.
Nov 22, 2017 9:12:40 AM calendar.AppointmentCalendar$1 windowOpened
INFO: Logging begins.
Nov 22, 2017 9:13:02 AM calendar.AppointmentCalendar$2 windowClosing
INFO: Logging ends.
Nov 22, 2017 9:24:14 AM calendar.AppointmentCalendar$1 windowOpened
INFO: Logging begins.
Nov 22, 2017 9:24:19 AM calendar.AppointmentCalendar$2 windowClosing
INFO: Logging ends.
Nov 22, 2017 9:29:55 AM calendar.AppointmentCalendar$1 windowOpened
INFO: Logging begins.
Nov 22, 2017 9:30:01 AM calendar.AppointmentCalendar$2 windowClosing
INFO: Logging ends.
Nov 22, 2017 9:32:24 AM calendar.AppointmentCalendar$1 windowOpened
INFO: Logging begins.
Nov 22, 2017 9:32:33 AM calendar.AppointmentCalendar$2 windowClosing
INFO: Logging ends.
Nov 22, 2017 9:38:40 AM calendar.AppointmentCalendar$1 windowOpened
INFO: Logging begins.
Nov 22, 2017 9:39:09 AM calendar.AppointmentCalendar$2 windowClosing
INFO: Logging ends.
Nov 22, 2017 12:28:29 PM calendar.AppointmentCalendar$1 windowOpened
INFO: Logging begins.
Nov 22, 2017 12:28:47 PM calendar.AppointmentCalendar$2 windowClosing
INFO: Logging ends.
Nov 22, 2017 12:50:20 PM calendar.AppointmentCalendar$1 windowOpened
INFO: Logging begins.
Nov 22, 2017 12:50:35 PM calendar.AppointmentCalendar$2 windowClosing
INFO: Logging ends.
Nov 22, 2017 2:51:13 PM calendar.AppointmentCalendar$1 windowOpened
INFO: Logging begins.
Nov 22, 2017 2:51:47 PM calendar.AppointmentCalendar$2 windowClosing
INFO: Logging ends.
Nov 22, 2017 2:56:05 PM calendar.AppointmentCalendar$1 windowOpened
INFO: Logging begins.
Nov 22, 2017 2:56:16 PM calendar.AppointmentCalendar$2 windowClosing
INFO: Logging ends.
Nov 22, 2017 3:07:06 PM calendar.AppointmentCalendar$1 windowOpened
INFO: Logging begins.
Nov 22, 2017 3:07:21 PM calendar.AppointmentCalendar$2 windowClosing
INFO: Logging ends.
Nov 22, 2017 3:07:46 PM calendar.AppointmentCalendar$1 windowOpened
INFO: Logging begins.
Nov 22, 2017 3:08:01 PM calendar.AppointmentCalendar$2 windowClosing
INFO: Logging ends.
Nov 22, 2017 3:28:56 PM calendar.AppointmentCalendar$1 windowOpened
INFO: Logging begins.
Nov 22, 2017 3:29:00 PM calendar.AppointmentCalendar$2 windowClosing
INFO: Logging ends.
Nov 22, 2017 4:02:49 PM calendar.AppointmentCalendar$1 windowOpened
INFO: Logging begins.
Nov 22, 2017 4:02:51 PM calendar.AppointmentCalendar$2 windowClosing
INFO: Logging ends.
Nov 22, 2017 4:16:23 PM calendar.AppointmentCalendar$1 windowOpened
INFO: Logging begins.
Nov 22, 2017 4:16:29 PM calendar.AppointmentCalendar$2 windowClosing
INFO: Logging ends.
Nov 22, 2017 5:03:19 PM calendar.AppointmentCalendar$1 windowOpened
INFO: Logging begins.
Nov 22, 2017 5:03:21 PM calendar.AppointmentCalendar$2 windowClosing
INFO: Logging ends.
Nov 22, 2017 5:03:44 PM calendar.AppointmentCalendar$1 windowOpened
INFO: Logging begins.
Nov 22, 2017 5:03:50 PM calendar.AppointmentCalendar$2 windowClosing
INFO: Logging ends.
Nov 22, 2017 9:10:11 PM calendar.AppointmentCalendar$1 windowOpened
INFO: Logging begins.
Nov 22, 2017 9:10:42 PM calendar.AppointmentCalendar$2 windowClosing
INFO: Logging ends.
Nov 22, 2017 9:11:56 PM calendar.AppointmentCalendar$1 windowOpened
INFO: Logging begins.
Nov 22, 2017 9:12:03 PM calendar.AppointmentCalendar$2 windowClosing
INFO: Logging ends.
Nov 22, 2017 9:20:57 PM calendar.AppointmentCalendar$1 windowOpened
INFO: Logging begins.
Nov 22, 2017 9:21:14 PM calendar.AppointmentCalendar$2 windowClosing
INFO: Logging ends.
Nov 22, 2017 10:13:49 PM calendar.AppointmentCalendar$1 windowOpened
INFO: Logging begins.
Nov 22, 2017 10:13:58 PM calendar.AppointmentCalendar$2 windowClosing
INFO: Logging ends.
Nov 22, 2017 10:16:31 PM calendar.AppointmentCalendar$1 windowOpened
INFO: Logging begins.
Nov 22, 2017 10:16:44 PM calendar.AppointmentCalendar$2 windowClosing
INFO: Logging ends.
Nov 22, 2017 10:20:58 PM calendar.AppointmentCalendar$1 windowOpened
INFO: Logging begins.
Nov 22, 2017 10:21:09 PM calendar.AppointmentCalendar$2 windowClosing
INFO: Logging ends.
Nov 23, 2017 12:54:56 AM calendar.AppointmentCalendar$1 windowOpened
INFO: Logging begins.
Nov 23, 2017 1:06:54 AM calendar.AppointmentCalendar$2 windowClosing
INFO: Logging ends.
Nov 23, 2017 11:01:00 AM calendar.AppointmentCalendar$1 windowOpened
INFO: Logging begins.
Nov 23, 2017 11:01:10 AM calendar.AppointmentCalendar$2 windowClosing
INFO: Logging ends.
Nov 23, 2017 11:02:04 AM calendar.AppointmentCalendar$1 windowOpened
INFO: Logging begins.
Nov 23, 2017 11:02:15 AM calendar.AppointmentCalendar$2 windowClosing
INFO: Logging ends.
Nov 23, 2017 11:07:22 AM calendar.AppointmentCalendar$1 windowOpened
INFO: Logging begins.
Nov 23, 2017 11:07:44 AM calendar.AppointmentCalendar$2 windowClosing
INFO: Logging ends.
Nov 23, 2017 11:17:44 AM calendar.AppointmentCalendar$1 windowOpened
INFO: Logging begins.
Nov 23, 2017 11:19:33 AM calendar.AppointmentCalendar$2 windowClosing
INFO: Logging ends.
Nov 23, 2017 11:45:32 AM calendar.AppointmentCalendar$1 windowOpened
INFO: Logging begins.
Nov 23, 2017 11:45:58 AM calendar.AppointmentCalendar$2 windowClosing
INFO: Logging ends.
Nov 23, 2017 12:18:15 PM calendar.AppointmentCalendar$1 windowOpened
INFO: Logging begins.
Nov 23, 2017 12:18:26 PM calendar.AppointmentCalendar$2 windowClosing
INFO: Logging ends.
Nov 23, 2017 1:04:48 PM calendar.AppointmentCalendar$1 windowOpened
INFO: Logging begins.
Nov 23, 2017 1:04:57 PM calendar.AppointmentCalendar$2 windowClosing
INFO: Logging ends.
Nov 23, 2017 1:47:50 PM calendar.AppointmentCalendar$1 windowOpened
INFO: Logging begins.
Nov 23, 2017 1:47:59 PM calendar.AppointmentCalendar$2 windowClosing
INFO: Logging ends.
Nov 23, 2017 2:05:03 PM calendar.AppointmentCalendar$1 windowOpened
INFO: Logging begins.
Nov 23, 2017 2:05:25 PM calendar.AppointmentCalendar$2 windowClosing
INFO: Logging ends.
Nov 23, 2017 2:25:14 PM calendar.AppointmentCalendar$1 windowOpened
INFO: Logging begins.
Nov 23, 2017 2:25:23 PM calendar.AppointmentCalendar$2 windowClosing
INFO: Logging ends.
Nov 23, 2017 2:28:07 PM calendar.AppointmentCalendar$1 windowOpened
INFO: Logging begins.
Nov 23, 2017 2:28:12 PM calendar.AppointmentCalendar$2 windowClosing
INFO: Logging ends.
