Oct 30, 2017 2:45:22 PM quicksort.QuickSort main
INFO: Logging begins...
Oct 30, 2017 2:45:22 PM quicksort.QuickSort main
INFO: Start non-partitioned Quicksort.
Oct 30, 2017 2:45:22 PM quicksort.QuickSort main
INFO: Completed non-partitioned Quicksort.
Oct 30, 2017 2:45:22 PM quicksort.QuickSort main
INFO: Start partitioned Quicksort.
Oct 30, 2017 2:45:22 PM quicksort.QuickSort main
INFO: Completed partitioned Quicksort.
Oct 30, 2017 2:45:22 PM quicksort.QuickSort main
INFO: Logging ended.
Oct 30, 2017 2:54:46 PM quicksort.QuickSort main
INFO: Logging begins...
Oct 30, 2017 2:54:46 PM quicksort.QuickSort main
INFO: Start non-partitioned Quicksort.
Oct 30, 2017 2:54:46 PM quicksort.QuickSort main
INFO: Completed non-partitioned Quicksort.
Oct 30, 2017 2:54:46 PM quicksort.QuickSort main
INFO: Start partitioned Quicksort.
Oct 30, 2017 2:54:46 PM quicksort.QuickSort main
INFO: Completed partitioned Quicksort.
Oct 30, 2017 2:54:46 PM quicksort.QuickSort main
INFO: Logging ended.
Oct 30, 2017 2:55:19 PM quicksort.QuickSort main
INFO: Logging begins...
Oct 30, 2017 2:55:19 PM quicksort.QuickSort main
INFO: Start non-partitioned Quicksort.
Oct 30, 2017 2:55:19 PM quicksort.QuickSort main
INFO: Completed non-partitioned Quicksort.
Oct 30, 2017 2:55:19 PM quicksort.QuickSort main
INFO: Start partitioned Quicksort.
Oct 30, 2017 2:55:19 PM quicksort.QuickSort main
INFO: Completed partitioned Quicksort.
Oct 30, 2017 2:55:19 PM quicksort.QuickSort main
INFO: Logging ended.
Oct 30, 2017 2:56:32 PM quicksort.QuickSort main
INFO: Logging begins...
Oct 30, 2017 2:56:32 PM quicksort.QuickSort main
INFO: Start non-partitioned Quicksort.
Oct 30, 2017 2:56:32 PM quicksort.QuickSort main
INFO: Completed non-partitioned Quicksort.
Oct 30, 2017 2:56:32 PM quicksort.QuickSort main
INFO: Start partitioned Quicksort.
Oct 30, 2017 2:56:33 PM quicksort.QuickSort main
INFO: Completed partitioned Quicksort.
Oct 30, 2017 2:56:33 PM quicksort.QuickSort main
INFO: Logging ended.
Oct 30, 2017 3:02:17 PM quicksort.QuickSort main
INFO: Logging begins...
Oct 30, 2017 3:02:18 PM quicksort.QuickSort main
INFO: Start non-partitioned Quicksort.
Oct 30, 2017 3:02:18 PM quicksort.QuickSort main
INFO: Completed non-partitioned Quicksort.
Oct 30, 2017 3:02:18 PM quicksort.QuickSort main
INFO: Start partitioned Quicksort.
Oct 30, 2017 3:02:18 PM quicksort.QuickSort main
INFO: Completed partitioned Quicksort.
Oct 30, 2017 3:02:18 PM quicksort.QuickSort main
INFO: Logging ended.
Oct 30, 2017 3:02:52 PM quicksort.QuickSort main
INFO: Logging begins...
Oct 30, 2017 3:02:52 PM quicksort.QuickSort main
INFO: Start non-partitioned Quicksort.
Oct 30, 2017 3:02:52 PM quicksort.QuickSort main
INFO: Completed non-partitioned Quicksort.
Oct 30, 2017 3:02:52 PM quicksort.QuickSort main
INFO: Start partitioned Quicksort.
Oct 30, 2017 3:02:52 PM quicksort.QuickSort main
INFO: Completed partitioned Quicksort.
Oct 30, 2017 3:02:52 PM quicksort.QuickSort main
INFO: Logging ended.
Oct 30, 2017 3:03:11 PM quicksort.QuickSort main
INFO: Logging begins...
Oct 30, 2017 3:03:11 PM quicksort.QuickSort main
INFO: Start non-partitioned Quicksort.
Oct 30, 2017 3:03:11 PM quicksort.QuickSort main
INFO: Completed non-partitioned Quicksort.
Oct 30, 2017 3:03:11 PM quicksort.QuickSort main
INFO: Start partitioned Quicksort.
Oct 30, 2017 3:03:11 PM quicksort.QuickSort main
INFO: Completed partitioned Quicksort.
Oct 30, 2017 3:03:11 PM quicksort.QuickSort main
INFO: Logging ended.
Oct 30, 2017 3:03:38 PM quicksort.QuickSort main
INFO: Logging begins...
Oct 30, 2017 3:03:38 PM quicksort.QuickSort main
INFO: Start non-partitioned Quicksort.
Oct 30, 2017 3:03:38 PM quicksort.QuickSort main
INFO: Completed non-partitioned Quicksort.
Oct 30, 2017 3:03:38 PM quicksort.QuickSort main
INFO: Start partitioned Quicksort.
Oct 30, 2017 3:03:39 PM quicksort.QuickSort main
INFO: Completed partitioned Quicksort.
Oct 30, 2017 3:03:39 PM quicksort.QuickSort main
INFO: Logging ended.
Oct 30, 2017 3:12:03 PM quicksort.QuickSort main
INFO: Logging begins...
Oct 30, 2017 3:12:03 PM quicksort.QuickSort main
INFO: Start non-partitioned Quicksort.
Oct 30, 2017 3:12:03 PM quicksort.QuickSort main
INFO: Completed non-partitioned Quicksort.
Oct 30, 2017 3:12:03 PM quicksort.QuickSort main
INFO: Start partitioned Quicksort.
Oct 30, 2017 3:12:03 PM quicksort.QuickSort main
INFO: Completed partitioned Quicksort.
Oct 30, 2017 3:12:03 PM quicksort.QuickSort main
INFO: Logging ended.
