
Matrix of size: 3 x 5
56	76	37	35	47	
60	12	47	61	62	
72	93	8	28	85	

multiplied by

Matrix of size: 5 x 3
18	70	66	
6	84	43	
42	57	98	
97	25	32	
25	76	1	

equals

Matrix of size: 3 x 3
7684	16872	11766	
10599	14151	11130	
7088	20565	10560	

Matrix of size: 5 x 5
84	9	3	90	36	
69	33	66	86	85	
78	48	85	59	85	
17	7	33	48	71	
86	0	30	20	19	

addition with

Matrix of size: 5 x 5
31	17	29	14	16	
72	68	92	88	45	
92	71	42	23	1	
55	54	85	43	24	
80	35	82	5	52	

equals

Matrix of size: 5 x 5
115	26	32	104	52	
141	101	158	174	130	
170	119	127	82	86	
72	61	118	91	95	
166	35	112	25	71	
