a: 1.0
b: 1.0
c: 1.0
Root 1, p = -0.5 + 0.8660254037844386i
Root 2, q = -0.5 - 0.8660254037844386i
p + q = -1.0
- b / a = -1.0
p * q = 0.9999999999999999
c / a = 1.0

a: 2.0
b: 2.0
c: 2.0
Root 1, p = -0.5 + 0.8660254037844386i
Root 2, q = -0.5 - 0.8660254037844386i
p + q = -1.0
- b / a = -1.0
p * q = 0.9999999999999999
c / a = 1.0

a: 4.0
b: 5.0
c: 6.0
Root 1, p = -0.625 + 1.0532687216470449i
Root 2, q = -0.625 - 1.0532687216470449i
p + q = -1.25
- b / a = -1.25
p * q = 1.5
c / a = 1.5

a: 1.0
b: 5.0
c: 6.0
Root 1, p = -2.0
Root 2, q = -3.0
p + q = -5.0
- b / a = -5.0
p * q = 6.0
c / a = 6.0

a: 5.0
b: 0.0
c: 7.0
Root 1, p = -0.0 + 1.1832159566199232i
Root 2, q = -0.0 - 1.1832159566199232i
p + q = -0.0
- b / a = -0.0
p * q = 1.4
c / a = 1.4

a: 7.0
b: 5.0
c: 0.0
Root 1, p = 0.0
Root 2, q = -0.7142857142857143
p + q = -0.7142857142857143
- b / a = -0.7142857142857143
p * q = -0.0
c / a = 0.0

