Oct 30, 2017 1:43:24 PM dictionary.Dictionary main
INFO: Logging begins...
Oct 30, 2017 1:43:24 PM dictionary.Dictionary main
INFO: Begin loading keys/values...
Oct 30, 2017 1:43:24 PM dictionary.Dictionary main
INFO: Completed loading keys and values
Oct 30, 2017 1:43:24 PM dictionary.Dictionary main
INFO: Begin printing all key/value pairs.
Oct 30, 2017 1:43:24 PM dictionary.Dictionary main
INFO: Completed printing key/value pairs.
Oct 30, 2017 1:43:24 PM dictionary.Dictionary main
INFO: Begin search for key
Oct 30, 2017 1:43:24 PM dictionary.Dictionary main
INFO: Completed key search.
Oct 30, 2017 1:43:24 PM dictionary.Dictionary main
INFO: Testing dictionary delete key.
Oct 30, 2017 1:43:24 PM dictionary.Dictionary main
INFO: Completed delete test.
Oct 30, 2017 1:43:24 PM dictionary.Dictionary main
INFO: Logging ended.
Oct 30, 2017 1:51:52 PM dictionary.Dictionary main
INFO: Logging begins...
Oct 30, 2017 1:51:52 PM dictionary.Dictionary main
INFO: Begin loading keys/values...
Oct 30, 2017 1:51:52 PM dictionary.Dictionary main
INFO: Completed loading keys and values
Oct 30, 2017 1:51:52 PM dictionary.Dictionary main
INFO: Begin printing all key/value pairs.
Oct 30, 2017 1:51:52 PM dictionary.Dictionary main
INFO: Completed printing key/value pairs.
Oct 30, 2017 1:51:52 PM dictionary.Dictionary main
INFO: Begin search for key.
Oct 30, 2017 1:51:52 PM dictionary.Dictionary main
INFO: Completed key search.
Oct 30, 2017 1:51:52 PM dictionary.Dictionary main
INFO: Testing dictionary delete key.
Oct 30, 2017 1:51:52 PM dictionary.Dictionary main
INFO: Completed delete test.
Oct 30, 2017 1:51:52 PM dictionary.Dictionary main
INFO: Logging ended.
Oct 30, 2017 2:02:32 PM dictionary.Dictionary main
INFO: Logging begins...
Oct 30, 2017 2:02:32 PM dictionary.Dictionary main
INFO: Begin loading keys/values...
Oct 30, 2017 2:02:32 PM dictionary.Dictionary main
INFO: Completed loading keys and values
Oct 30, 2017 2:02:32 PM dictionary.Dictionary main
INFO: Begin printing all key/value pairs.
Oct 30, 2017 2:02:32 PM dictionary.Dictionary main
INFO: Completed printing key/value pairs.
Oct 30, 2017 2:02:32 PM dictionary.Dictionary main
INFO: Begin search for key.
Oct 30, 2017 2:02:32 PM dictionary.Dictionary main
INFO: Completed key search.
Oct 30, 2017 2:02:32 PM dictionary.Dictionary main
INFO: Testing dictionary delete key.
Oct 30, 2017 2:02:32 PM dictionary.Dictionary main
INFO: Completed delete test.
Oct 30, 2017 2:02:32 PM dictionary.Dictionary main
INFO: Logging ended.
Oct 30, 2017 2:03:32 PM dictionary.Dictionary main
INFO: Logging begins...
Oct 30, 2017 2:03:32 PM dictionary.Dictionary main
INFO: Begin loading keys/values...
Oct 30, 2017 2:03:32 PM dictionary.Dictionary main
INFO: Completed loading keys and values
Oct 30, 2017 2:03:32 PM dictionary.Dictionary main
INFO: Begin printing all key/value pairs.
Oct 30, 2017 2:03:32 PM dictionary.Dictionary main
INFO: Completed printing key/value pairs.
Oct 30, 2017 2:03:32 PM dictionary.Dictionary main
INFO: Begin search for key.
Oct 30, 2017 2:03:32 PM dictionary.Dictionary main
INFO: Completed key search.
Oct 30, 2017 2:03:32 PM dictionary.Dictionary main
INFO: Testing dictionary delete key.
Oct 30, 2017 2:03:32 PM dictionary.Dictionary main
INFO: Completed delete test.
Oct 30, 2017 2:03:32 PM dictionary.Dictionary main
INFO: Logging ended.
Oct 30, 2017 2:05:33 PM dictionary.Dictionary main
INFO: Logging begins...
Oct 30, 2017 2:05:33 PM dictionary.Dictionary main
INFO: Begin loading keys/values...
Oct 30, 2017 2:05:33 PM dictionary.Dictionary main
INFO: Completed loading keys and values.
Oct 30, 2017 2:05:33 PM dictionary.Dictionary main
INFO: Begin printing all key/value pairs.
Oct 30, 2017 2:05:33 PM dictionary.Dictionary main
INFO: Completed printing key/value pairs.
Oct 30, 2017 2:05:33 PM dictionary.Dictionary main
INFO: Begin search for key.
Oct 30, 2017 2:05:33 PM dictionary.Dictionary main
INFO: Completed key search.
Oct 30, 2017 2:05:33 PM dictionary.Dictionary main
INFO: Testing dictionary delete key.
Oct 30, 2017 2:05:33 PM dictionary.Dictionary main
INFO: Completed delete test.
Oct 30, 2017 2:05:33 PM dictionary.Dictionary main
INFO: Logging ended.
